TN:
SF:src/Modificacion/mod.ts
FN:12,procesar
FN:21,leerArchivo
FN:26,parsearDatos
FN:39,extraerBeneficiosYPesos
FN:47,leerArchivo
FN:52,parsearDatos
FN:59,extraerBeneficiosYPesos
FNF:7
FNH:7
FNDA:4,procesar
FNDA:2,leerArchivo
FNDA:2,parsearDatos
FNDA:2,extraerBeneficiosYPesos
FNDA:2,leerArchivo
FNDA:2,parsearDatos
FNDA:2,extraerBeneficiosYPesos
DA:1,1
DA:2,1
DA:3,1
DA:4,1
DA:5,1
DA:6,1
DA:7,1
DA:8,1
DA:9,1
DA:10,1
DA:11,1
DA:12,1
DA:13,4
DA:14,4
DA:15,4
DA:16,4
DA:17,4
DA:18,1
DA:19,1
DA:20,1
DA:21,1
DA:22,2
DA:23,2
DA:24,2
DA:25,1
DA:26,1
DA:27,2
DA:28,2
DA:29,2
DA:30,2
DA:31,2
DA:32,6
DA:33,6
DA:34,6
DA:35,2
DA:36,2
DA:37,2
DA:38,1
DA:39,1
DA:40,2
DA:41,2
DA:42,2
DA:43,2
DA:44,1
DA:45,1
DA:46,1
DA:47,1
DA:48,2
DA:49,2
DA:50,2
DA:51,1
DA:52,1
DA:53,2
DA:54,2
DA:55,2
DA:56,2
DA:57,2
DA:58,1
DA:59,1
DA:60,2
DA:61,2
DA:62,2
DA:63,2
DA:64,1
DA:65,1
DA:66,1
DA:67,1
DA:68,1
DA:69,1
DA:70,1
DA:71,1
DA:72,1
DA:73,1
DA:74,1
DA:75,1
DA:76,1
DA:77,1
LF:77
LH:77
BRDA:12,0,0,4
BRDA:21,1,0,2
BRDA:26,2,0,2
BRDA:31,3,0,6
BRDA:39,4,0,2
BRDA:40,5,0,6
BRDA:41,6,0,6
BRDA:47,7,0,2
BRDA:52,8,0,2
BRDA:59,9,0,2
BRDA:60,10,0,6
BRDA:61,11,0,6
BRF:12
BRH:12
end_of_record
