TN:
SF:src/Magic/cardmanager.ts
FN:6,<instance_members_initializer>
FN:12,CardCollection
FN:18,getColor
FN:39,loadc
FN:43,addCard
FN:60,updateCard
FN:71,removeCard
FN:87,listCards
FN:112,readCard
FNF:9
FNH:9
FNDA:6,<instance_members_initializer>
FNDA:6,CardCollection
FNDA:3,getColor
FNDA:6,loadc
FNDA:5,addCard
FNDA:1,updateCard
FNDA:2,removeCard
FNDA:1,listCards
FNDA:1,readCard
DA:1,1
DA:2,1
DA:3,1
DA:4,1
DA:5,1
DA:6,1
DA:7,6
DA:8,6
DA:9,6
DA:10,6
DA:11,6
DA:12,6
DA:13,6
DA:14,6
DA:15,6
DA:16,6
DA:17,6
DA:18,6
DA:19,3
DA:20,3
DA:21,0
DA:22,3
DA:23,2
DA:24,3
DA:25,0
DA:26,3
DA:27,1
DA:28,3
DA:29,0
DA:30,3
DA:31,0
DA:32,3
DA:33,0
DA:34,3
DA:35,0
DA:36,3
DA:37,3
DA:38,6
DA:39,6
DA:40,6
DA:41,6
DA:42,6
DA:43,6
DA:44,5
DA:45,0
DA:46,0
DA:47,0
DA:48,5
DA:49,5
DA:50,1
DA:51,1
DA:52,1
DA:53,4
DA:54,4
DA:55,4
DA:56,4
DA:57,4
DA:58,4
DA:59,6
DA:60,6
DA:61,1
DA:62,1
DA:63,1
DA:64,1
DA:65,1
DA:66,1
DA:67,0
DA:68,0
DA:69,1
DA:70,6
DA:71,6
DA:72,2
DA:73,2
DA:74,2
DA:75,2
DA:76,2
DA:77,0
DA:78,0
DA:79,2
DA:80,2
DA:81,2
DA:82,2
DA:83,2
DA:84,2
DA:85,2
DA:86,6
DA:87,6
DA:88,1
DA:89,1
DA:90,1
DA:91,2
DA:92,2
DA:93,2
DA:94,2
DA:95,2
DA:96,2
DA:97,2
DA:98,2
DA:99,2
DA:100,2
DA:101,1
DA:102,1
DA:103,1
DA:104,0
DA:105,0
DA:106,2
DA:107,2
DA:108,1
DA:109,1
DA:110,6
DA:111,6
DA:112,6
DA:113,1
DA:114,1
DA:115,1
DA:116,1
DA:117,1
DA:118,1
DA:119,1
DA:120,1
DA:121,1
DA:122,1
DA:123,1
DA:124,1
DA:125,1
DA:126,1
DA:127,0
DA:128,0
DA:129,1
DA:130,0
DA:131,0
DA:132,1
DA:133,0
DA:134,0
DA:135,1
DA:136,6
DA:137,6
DA:138,6
LF:138
LH:117
BRDA:6,0,0,6
BRDA:12,1,0,6
BRDA:18,2,0,3
BRDA:20,3,0,0
BRDA:22,4,0,2
BRDA:24,5,0,0
BRDA:26,6,0,1
BRDA:28,7,0,0
BRDA:30,8,0,0
BRDA:32,9,0,0
BRDA:34,10,0,0
BRDA:39,11,0,6
BRDA:43,12,0,5
BRDA:44,13,0,0
BRDA:49,14,0,1
BRDA:53,15,0,4
BRDA:49,16,0,2
BRDA:55,17,0,5
BRDA:60,18,0,1
BRDA:66,19,0,0
BRDA:61,20,0,1
BRDA:64,21,0,1
BRDA:71,22,0,2
BRDA:76,23,0,0
BRDA:81,24,0,2
BRDA:87,25,0,1
BRDA:90,26,0,2
BRDA:100,27,0,1
BRDA:103,28,0,0
BRDA:112,29,0,1
BRDA:126,30,0,0
BRDA:129,31,0,0
BRDA:132,32,0,0
BRDA:113,33,0,1
BRF:34
BRH:21
end_of_record
TN:
SF:src/Magic/files.ts
FN:5,<instance_members_initializer>
FN:8,FileManager
FN:12,getUserDir
FN:16,getFilePath
FN:20,load
FN:33,save
FN:41,createDirectoryIfNotExists
FNF:7
FNH:7
FNDA:9,<instance_members_initializer>
FNDA:9,FileManager
FNDA:1,getUserDir
FNDA:10,getFilePath
FNDA:7,load
FNDA:8,save
FNDA:8,createDirectoryIfNotExists
DA:1,1
DA:2,1
DA:3,1
DA:4,1
DA:5,1
DA:6,9
DA:7,9
DA:8,9
DA:9,9
DA:10,9
DA:11,9
DA:12,9
DA:13,1
DA:14,1
DA:15,9
DA:16,9
DA:17,10
DA:18,10
DA:19,9
DA:20,9
DA:21,7
DA:22,7
DA:23,6
DA:24,6
DA:25,3
DA:26,3
DA:27,3
DA:28,3
DA:29,6
DA:30,7
DA:31,7
DA:32,9
DA:33,9
DA:34,8
DA:35,8
DA:36,8
DA:37,8
DA:38,8
DA:39,8
DA:40,9
DA:41,9
DA:42,8
DA:43,2
DA:44,2
DA:45,8
DA:46,9
LF:46
LH:46
BRDA:5,0,0,9
BRDA:8,1,0,9
BRDA:12,2,0,1
BRDA:16,3,0,10
BRDA:20,4,0,7
BRDA:22,5,0,6
BRDA:24,6,0,3
BRDA:33,7,0,8
BRDA:41,8,0,8
BRDA:42,9,0,2
BRF:10
BRH:10
end_of_record
TN:
SF:src/Magic/Enums/color.ts
FNF:0
FNH:0
DA:1,1
DA:2,1
DA:3,1
DA:4,1
DA:5,1
DA:6,1
DA:7,1
DA:8,1
DA:9,1
DA:10,1
DA:11,1
LF:11
LH:11
BRDA:3,0,0,1
BRF:1
BRH:1
end_of_record
TN:
SF:src/Magic/Enums/linetype.ts
FNF:0
FNH:0
DA:1,1
DA:2,1
DA:3,1
DA:4,1
DA:5,1
DA:6,1
DA:7,1
DA:8,1
DA:9,1
DA:10,1
DA:11,1
LF:11
LH:11
BRDA:3,0,0,1
BRF:1
BRH:1
end_of_record
TN:
SF:src/Magic/Enums/rarity.ts
FNF:0
FNH:0
DA:1,1
DA:2,1
DA:3,1
DA:4,1
DA:5,1
DA:6,1
DA:7,1
DA:8,1
LF:8
LH:8
BRDA:3,0,0,1
BRF:1
BRH:1
end_of_record
TN:
SF:src/Modificacion/mod.ts
FN:24,procesar
FN:37,leerArchivo
FN:47,parsearDatos
FN:65,extraerBeneficiosYPesos
FN:79,leerArchivo
FN:90,parsearDatos
FN:102,extraerBeneficiosYPesos
FNF:7
FNH:7
FNDA:4,procesar
FNDA:2,leerArchivo
FNDA:2,parsearDatos
FNDA:2,extraerBeneficiosYPesos
FNDA:2,leerArchivo
FNDA:2,parsearDatos
FNDA:2,extraerBeneficiosYPesos
DA:1,1
DA:2,1
DA:3,1
DA:4,1
DA:5,1
DA:6,1
DA:7,1
DA:8,1
DA:9,1
DA:10,1
DA:11,1
DA:12,1
DA:13,1
DA:14,1
DA:15,1
DA:16,1
DA:17,1
DA:18,1
DA:19,1
DA:20,1
DA:21,1
DA:22,1
DA:23,1
DA:24,1
DA:25,4
DA:26,4
DA:27,4
DA:28,4
DA:29,4
DA:30,1
DA:31,1
DA:32,1
DA:33,1
DA:34,1
DA:35,1
DA:36,1
DA:37,1
DA:38,2
DA:39,2
DA:40,2
DA:41,1
DA:42,1
DA:43,1
DA:44,1
DA:45,1
DA:46,1
DA:47,1
DA:48,2
DA:49,2
DA:50,2
DA:51,2
DA:52,2
DA:53,6
DA:54,6
DA:55,6
DA:56,2
DA:57,2
DA:58,2
DA:59,1
DA:60,1
DA:61,1
DA:62,1
DA:63,1
DA:64,1
DA:65,1
DA:66,2
DA:67,2
DA:68,2
DA:69,2
DA:70,1
DA:71,1
DA:72,1
DA:73,1
DA:74,1
DA:75,1
DA:76,1
DA:77,1
DA:78,1
DA:79,1
DA:80,2
DA:81,2
DA:82,2
DA:83,1
DA:84,1
DA:85,1
DA:86,1
DA:87,1
DA:88,1
DA:89,1
DA:90,1
DA:91,2
DA:92,2
DA:93,2
DA:94,2
DA:95,2
DA:96,1
DA:97,1
DA:98,1
DA:99,1
DA:100,1
DA:101,1
DA:102,1
DA:103,2
DA:104,2
DA:105,2
DA:106,2
DA:107,1
DA:108,1
DA:109,1
DA:110,1
DA:111,1
DA:112,1
DA:113,1
DA:114,1
DA:115,1
DA:116,1
DA:117,1
DA:118,1
DA:119,1
DA:120,1
LF:120
LH:120
BRDA:24,0,0,4
BRDA:37,1,0,2
BRDA:47,2,0,2
BRDA:52,3,0,6
BRDA:65,4,0,2
BRDA:66,5,0,6
BRDA:67,6,0,6
BRDA:79,7,0,2
BRDA:90,8,0,2
BRDA:102,9,0,2
BRDA:103,10,0,6
BRDA:104,11,0,6
BRF:12
BRH:12
end_of_record
